This is pdfTeX, Version 3.14159265-2.6-1.40.21 (MiKTeX 20.11) (preloaded format=pdflatex 2020.12.3)  19 DEC 2021 16:09
entering extended mode
**./U3_Kuzmanov_Muzik_TZ.tex
(U3_Kuzmanov_Muzik_TZ.tex
LaTeX2e <2020-10-01> patch level 2
L3 programming layer <2020-10-27> xparse <2020-03-03>
(C:\Users\fanda\AppData\Local\Programs\MiKTeX\tex/latex/base\article.cls
Document Class: article 2020/04/10 v1.4m Standard LaTeX document class
(C:\Users\fanda\AppData\Local\Programs\MiKTeX\tex/latex/base\size12.clo
File: size12.clo 2020/04/10 v1.4m Standard LaTeX file (size option)
)
\c@part=\count175
\c@section=\count176
\c@subsection=\count177
\c@subsubsection=\count178
\c@paragraph=\count179
\c@subparagraph=\count180
\c@figure=\count181
\c@table=\count182
\abovecaptionskip=\skip47
\belowcaptionskip=\skip48
\bibindent=\dimen138
)
(C:\Users\fanda\AppData\Local\Programs\MiKTeX\tex/latex/geometry\geometry.sty
Package: geometry 2020/01/02 v5.9 Page Geometry

(C:\Users\fanda\AppData\Local\Programs\MiKTeX\tex/latex/graphics\keyval.sty
Package: keyval 2014/10/28 v1.15 key=value parser (DPC)
\KV@toks@=\toks15
)
(C:\Users\fanda\AppData\Local\Programs\MiKTeX\tex/generic/iftex\ifvtex.sty
Package: ifvtex 2019/10/25 v1.7 ifvtex legacy package. Use iftex instead.

(C:\Users\fanda\AppData\Local\Programs\MiKTeX\tex/generic/iftex\iftex.sty
Package: iftex 2020/03/06 v1.0d TeX engine tests
))
\Gm@cnth=\count183
\Gm@cntv=\count184
\c@Gm@tempcnt=\count185
\Gm@bindingoffset=\dimen139
\Gm@wd@mp=\dimen140
\Gm@odd@mp=\dimen141
\Gm@even@mp=\dimen142
\Gm@layoutwidth=\dimen143
\Gm@layoutheight=\dimen144
\Gm@layouthoffset=\dimen145
\Gm@layoutvoffset=\dimen146
\Gm@dimlist=\toks16

(C:\Users\fanda\AppData\Local\Programs\MiKTeX\tex/latex/geometry\geometry.cfg))
(C:\Users\fanda\AppData\Local\Programs\MiKTeX\tex/latex/base\inputenc.sty
Package: inputenc 2020/08/01 v1.3d Input encoding file
\inpenc@prehook=\toks17
\inpenc@posthook=\toks18
)
(C:\Users\fanda\AppData\Local\Programs\MiKTeX\tex/generic/babel\babel.sty
Package: babel 2020/10/27 3.51 The Babel package

(C:\Users\fanda\AppData\Local\Programs\MiKTeX\tex/generic/babel\babel.def
File: babel.def 2020/10/27 3.51 Babel common definitions
\babel@savecnt=\count186
\U@D=\dimen147
\l@babelnohyphens=\language79

(C:\Users\fanda\AppData\Local\Programs\MiKTeX\tex/generic/babel\txtbabel.def)
\bbl@readstream=\read2
)
\bbl@dirlevel=\count187

*************************************
* Local config file bblopts.cfg used
*
(C:\Users\fanda\AppData\Local\Programs\MiKTeX\tex/latex/arabi\bblopts.cfg
File: bblopts.cfg 2005/09/08 v0.1 add Arabic and Farsi to "declared" options of
 babel
)
(C:\Users\fanda\AppData\Local\Programs\MiKTeX\tex/latex/babel-czech\czech.ldf
Language: czech 2008/07/06 v3.1a Czech support from the babel system
Package babel Info: Making " an active character on input line 172.
\cs@wordlen=\count188
Package babel Info: Making - an active character on input line 226.
)) (C:\Users\fanda\AppData\Local\Programs\MiKTeX\tex/latex/base\fontenc.sty
Package: fontenc 2020/08/10 v2.0s Standard LaTeX package
)
(C:\Users\fanda\AppData\Local\Programs\MiKTeX\tex/latex/graphics\graphicx.sty
Package: graphicx 2020/09/09 v1.2b Enhanced LaTeX Graphics (DPC,SPQR)

(C:\Users\fanda\AppData\Local\Programs\MiKTeX\tex/latex/graphics\graphics.sty
Package: graphics 2020/08/30 v1.4c Standard LaTeX Graphics (DPC,SPQR)

(C:\Users\fanda\AppData\Local\Programs\MiKTeX\tex/latex/graphics\trig.sty
Package: trig 2016/01/03 v1.10 sin cos tan (DPC)
)
(C:\Users\fanda\AppData\Local\Programs\MiKTeX\tex/latex/graphics-cfg\graphics.c
fg
File: graphics.cfg 2016/06/04 v1.11 sample graphics configuration
)
Package graphics Info: Driver file: pdftex.def on input line 105.

(C:\Users\fanda\AppData\Local\Programs\MiKTeX\tex/latex/graphics-def\pdftex.def
File: pdftex.def 2020/10/05 v1.2a Graphics/color driver for pdftex
))
\Gin@req@height=\dimen148
\Gin@req@width=\dimen149
)
(C:\Users\fanda\AppData\Local\Programs\MiKTeX\tex/latex/booktabs\booktabs.sty
Package: booktabs 2020/01/12 v1.61803398 Publication quality tables
\heavyrulewidth=\dimen150
\lightrulewidth=\dimen151
\cmidrulewidth=\dimen152
\belowrulesep=\dimen153
\belowbottomsep=\dimen154
\aboverulesep=\dimen155
\abovetopsep=\dimen156
\cmidrulesep=\dimen157
\cmidrulekern=\dimen158
\defaultaddspace=\dimen159
\@cmidla=\count189
\@cmidlb=\count190
\@aboverulesep=\dimen160
\@belowrulesep=\dimen161
\@thisruleclass=\count191
\@lastruleclass=\count192
\@thisrulewidth=\dimen162
)
(C:\Users\fanda\AppData\Local\Programs\MiKTeX\tex/latex/tools\tabularx.sty
Package: tabularx 2020/01/15 v2.11c `tabularx' package (DPC)

(C:\Users\fanda\AppData\Local\Programs\MiKTeX\tex/latex/tools\array.sty
Package: array 2019/08/31 v2.4l Tabular extension package (FMi)
\col@sep=\dimen163
\ar@mcellbox=\box47
\extrarowheight=\dimen164
\NC@list=\toks19
\extratabsurround=\skip49
\backup@length=\skip50
\ar@cellbox=\box48
)
\TX@col@width=\dimen165
\TX@old@table=\dimen166
\TX@old@col=\dimen167
\TX@target=\dimen168
\TX@delta=\dimen169
\TX@cols=\count193
\TX@ftn=\toks20
)
(C:\Users\fanda\AppData\Local\Programs\MiKTeX\tex/latex/tools\indentfirst.sty
Package: indentfirst 1995/11/23 v1.03 Indent first paragraph (DPC)
)
(C:\Users\fanda\AppData\Local\Programs\MiKTeX\tex/latex/tools\multicol.sty
Package: multicol 2019/12/09 v1.8y multicolumn formatting (FMi)
\c@tracingmulticols=\count194
\mult@box=\box49
\multicol@leftmargin=\dimen170
\c@unbalance=\count195
\c@collectmore=\count196
\doublecol@number=\count197
\multicoltolerance=\count198
\multicolpretolerance=\count199
\full@width=\dimen171
\page@free=\dimen172
\premulticols=\dimen173
\postmulticols=\dimen174
\multicolsep=\skip51
\multicolbaselineskip=\skip52
\partial@page=\box50
\last@line=\box51
\maxbalancingoverflow=\dimen175
\mult@rightbox=\box52
\mult@grightbox=\box53
\mult@gfirstbox=\box54
\mult@firstbox=\box55
\@tempa=\box56
\@tempa=\box57
\@tempa=\box58
\@tempa=\box59
\@tempa=\box60
\@tempa=\box61
\@tempa=\box62
\@tempa=\box63
\@tempa=\box64
\@tempa=\box65
\@tempa=\box66
\@tempa=\box67
\@tempa=\box68
\@tempa=\box69
\@tempa=\box70
\@tempa=\box71
\@tempa=\box72
\@tempa=\box73
\@tempa=\box74
\@tempa=\box75
\@tempa=\box76
\@tempa=\box77
\@tempa=\box78
\@tempa=\box79
\@tempa=\box80
\@tempa=\box81
\@tempa=\box82
\@tempa=\box83
\@tempa=\box84
\@tempa=\box85
\@tempa=\box86
\@tempa=\box87
\@tempa=\box88
\@tempa=\box89
\@tempa=\box90
\@tempa=\box91
\@tempa=\box92
\c@minrows=\count266
\c@columnbadness=\count267
\c@finalcolumnbadness=\count268
\last@try=\dimen176
\multicolovershoot=\dimen177
\multicolundershoot=\dimen178
\mult@nat@firstbox=\box93
\colbreak@box=\box94
\mc@col@check@num=\count269
)
(C:\Users\fanda\AppData\Local\Programs\MiKTeX\tex/latex/titlesec\titlesec.sty
Package: titlesec 2019/10/16 v2.13 Sectioning titles
\ttl@box=\box95
\beforetitleunit=\skip53
\aftertitleunit=\skip54
\ttl@plus=\dimen179
\ttl@minus=\dimen180
\ttl@toksa=\toks21
\titlewidth=\dimen181
\titlewidthlast=\dimen182
\titlewidthfirst=\dimen183
)
(C:\Users\fanda\AppData\Local\Programs\MiKTeX\tex/latex/mathtools\mathtools.sty
Package: mathtools 2021/04/12 v1.27 mathematical typesetting tools
(C:\Users\fanda\AppData\Local\Programs\MiKTeX\tex/latex/tools\calc.sty
Package: calc 2017/05/25 v4.3 Infix arithmetic (KKT,FJ)
\calc@Acount=\count270
\calc@Bcount=\count271
\calc@Adimen=\dimen184
\calc@Bdimen=\dimen185
\calc@Askip=\skip55
\calc@Bskip=\skip56
LaTeX Info: Redefining \setlength on input line 80.
LaTeX Info: Redefining \addtolength on input line 81.
\calc@Ccount=\count272
\calc@Cskip=\skip57
)
(C:\Users\fanda\AppData\Local\Programs\MiKTeX\tex/latex/mathtools\mhsetup.sty
Package: mhsetup 2021/03/18 v1.4 programming setup (MH)
)
(C:\Users\fanda\AppData\Local\Programs\MiKTeX\tex/latex/amsmath\amsmath.sty
Package: amsmath 2020/09/23 v2.17i AMS math features
\@mathmargin=\skip58

For additional information on amsmath, use the `?' option.
(C:\Users\fanda\AppData\Local\Programs\MiKTeX\tex/latex/amsmath\amstext.sty
Package: amstext 2000/06/29 v2.01 AMS text

(C:\Users\fanda\AppData\Local\Programs\MiKTeX\tex/latex/amsmath\amsgen.sty
File: amsgen.sty 1999/11/30 v2.0 generic functions
\@emptytoks=\toks22
\ex@=\dimen186
))
(C:\Users\fanda\AppData\Local\Programs\MiKTeX\tex/latex/amsmath\amsbsy.sty
Package: amsbsy 1999/11/29 v1.2d Bold Symbols
\pmbraise@=\dimen187
)
(C:\Users\fanda\AppData\Local\Programs\MiKTeX\tex/latex/amsmath\amsopn.sty
Package: amsopn 2016/03/08 v2.02 operator names
)
\inf@bad=\count273
LaTeX Info: Redefining \frac on input line 234.
\uproot@=\count274
\leftroot@=\count275
LaTeX Info: Redefining \overline on input line 399.
\classnum@=\count276
\DOTSCASE@=\count277
LaTeX Info: Redefining \ldots on input line 496.
LaTeX Info: Redefining \dots on input line 499.
LaTeX Info: Redefining \cdots on input line 620.
\Mathstrutbox@=\box96
\strutbox@=\box97
\big@size=\dimen188
LaTeX Font Info:    Redeclaring font encoding OML on input line 743.
LaTeX Font Info:    Redeclaring font encoding OMS on input line 744.
\macc@depth=\count278
\c@MaxMatrixCols=\count279
\dotsspace@=\muskip16
\c@parentequation=\count280
\dspbrk@lvl=\count281
\tag@help=\toks23
\row@=\count282
\column@=\count283
\maxfields@=\count284
\andhelp@=\toks24
\eqnshift@=\dimen189
\alignsep@=\dimen190
\tagshift@=\dimen191
\tagwidth@=\dimen192
\totwidth@=\dimen193
\lineht@=\dimen194
\@envbody=\toks25
\multlinegap=\skip59
\multlinetaggap=\skip60
\mathdisplay@stack=\toks26
LaTeX Info: Redefining \[ on input line 2923.
LaTeX Info: Redefining \] on input line 2924.
)
LaTeX Info: Thecontrolsequence`\('isalreadyrobust on input line 130.
LaTeX Info: Thecontrolsequence`\)'isalreadyrobust on input line 130.
LaTeX Info: Thecontrolsequence`\['isalreadyrobust on input line 130.
LaTeX Info: Thecontrolsequence`\]'isalreadyrobust on input line 130.
\g_MT_multlinerow_int=\count285
\l_MT_multwidth_dim=\dimen195
\origjot=\skip61
\l_MT_shortvdotswithinadjustabove_dim=\dimen196
\l_MT_shortvdotswithinadjustbelow_dim=\dimen197
\l_MT_above_intertext_sep=\dimen198
\l_MT_below_intertext_sep=\dimen199
\l_MT_above_shortintertext_sep=\dimen256
\l_MT_below_shortintertext_sep=\dimen257
\xmathstrut@box=\box98
\xmathstrut@dim=\dimen258
)
(C:\Users\fanda\AppData\Local\Programs\MiKTeX\tex/latex/esvect\esvect.sty
Package: esvect 
\symesvector=\mathgroup4
)
(C:\Users\fanda\AppData\Local\Programs\MiKTeX\tex/latex/url\url.sty
\Urlmuskip=\muskip17
Package: url 2013/09/16  ver 3.4  Verb mode for urls, etc.
)
(C:\Users\fanda\AppData\Local\Programs\MiKTeX\tex/latex/caption\caption.sty
Package: caption 2020/10/26 v3.5g Customizing captions (AR)

(C:\Users\fanda\AppData\Local\Programs\MiKTeX\tex/latex/caption\caption3.sty
Package: caption3 2020/10/21 v2.2e caption3 kernel (AR)
\captionmargin=\dimen259
\captionmargin@=\dimen260
\captionwidth=\dimen261
\caption@tempdima=\dimen262
\caption@indent=\dimen263
\caption@parindent=\dimen264
\caption@hangindent=\dimen265
Package caption Info: Standard document class detected.
)
\c@caption@flags=\count286
\c@continuedfloat=\count287
)
(C:\Users\fanda\AppData\Local\Programs\MiKTeX\tex/latex/subfig\subfig.sty
Package: subfig 2005/06/28 ver: 1.3 subfig package
\c@KVtest=\count288
\sf@farskip=\skip62
\sf@captopadj=\dimen266
\sf@capskip=\skip63
\sf@nearskip=\skip64
\c@subfigure=\count289
\c@subfigure@save=\count290
\c@lofdepth=\count291
\c@subtable=\count292
\c@subtable@save=\count293
\c@lotdepth=\count294
\sf@top=\skip65
\sf@bottom=\skip66
)
(C:\Users\fanda\AppData\Local\Programs\MiKTeX\tex/latex/placeins\placeins.sty
Package: placeins 2005/04/18  v 2.2
)
(C:\Users\fanda\AppData\Local\Programs\MiKTeX\tex/latex/pdfpages\pdfpages.sty
Package: pdfpages 2020/01/28 v0.5q Insert pages of external PDF documents (AM)

(C:\Users\fanda\AppData\Local\Programs\MiKTeX\tex/latex/base\ifthen.sty
Package: ifthen 2014/09/29 v1.1c Standard LaTeX ifthen package (DPC)
)
(C:\Users\fanda\AppData\Local\Programs\MiKTeX\tex/latex/eso-pic\eso-pic.sty
Package: eso-pic 2020/09/27 v2.0i eso-pic (RN)

(C:\Users\fanda\AppData\Local\Programs\MiKTeX\tex/latex/base\atbegshi-ltx.sty
Package: atbegshi-ltx 2020/08/17 v1.0a Emulation of the original atbegshi packa
ge
with kernel methods
)
\ESO@tempdima=\dimen267
\ESO@tempdimb=\dimen268

(C:\Users\fanda\AppData\Local\Programs\MiKTeX\tex/latex/xcolor\xcolor.sty
Package: xcolor 2016/05/11 v2.12 LaTeX color extensions (UK)

(C:\Users\fanda\AppData\Local\Programs\MiKTeX\tex/latex/graphics-cfg\color.cfg
File: color.cfg 2016/01/02 v1.6 sample color configuration
)
Package xcolor Info: Driver file: pdftex.def on input line 225.
Package xcolor Info: Model `cmy' substituted by `cmy0' on input line 1348.
Package xcolor Info: Model `hsb' substituted by `rgb' on input line 1352.
Package xcolor Info: Model `RGB' extended on input line 1364.
Package xcolor Info: Model `HTML' substituted by `rgb' on input line 1366.
Package xcolor Info: Model `Hsb' substituted by `hsb' on input line 1367.
Package xcolor Info: Model `tHsb' substituted by `hsb' on input line 1368.
Package xcolor Info: Model `HSB' substituted by `hsb' on input line 1369.
Package xcolor Info: Model `Gray' substituted by `gray' on input line 1370.
Package xcolor Info: Model `wave' substituted by `hsb' on input line 1371.
))
\AM@pagewidth=\dimen269
\AM@pageheight=\dimen270

(C:\Users\fanda\AppData\Local\Programs\MiKTeX\tex/latex/pdfpages\pppdftex.def
File: pppdftex.def 2020/01/28 v0.5q Pdfpages driver for pdfTeX (AM)
)
\AM@pagebox=\box99
\AM@global@opts=\toks27
\AM@pagecnt=\count295
\AM@toc@title=\toks28
\c@AM@survey=\count296
\AM@templatesizebox=\box100
)
\c@defin=\count297

(C:\Users\fanda\AppData\Local\Programs\MiKTeX\tex/latex/l3backend\l3backend-pdf
tex.def
File: l3backend-pdftex.def 2020-09-24 L3 backend support: PDF output (pdfTeX)
\l__kernel_color_stack_int=\count298
\l__pdf_internal_box=\box101
) (U3_Kuzmanov_Muzik_TZ.aux

LaTeX Warning: Label `fig:th_pol' multiply defined.

)
\openout1 = `U3_Kuzmanov_Muzik_TZ.aux'.

LaTeX Font Info:    Checking defaults for OML/cmm/m/it on input line 30.
LaTeX Font Info:    ... okay on input line 30.
LaTeX Font Info:    Checking defaults for OMS/cmsy/m/n on input line 30.
LaTeX Font Info:    ... okay on input line 30.
LaTeX Font Info:    Checking defaults for OT1/cmr/m/n on input line 30.
LaTeX Font Info:    ... okay on input line 30.
LaTeX Font Info:    Checking defaults for T1/cmr/m/n on input line 30.
LaTeX Font Info:    ... okay on input line 30.
LaTeX Font Info:    Checking defaults for TS1/cmr/m/n on input line 30.
LaTeX Font Info:    ... okay on input line 30.
LaTeX Font Info:    Checking defaults for OMX/cmex/m/n on input line 30.
LaTeX Font Info:    ... okay on input line 30.
LaTeX Font Info:    Checking defaults for U/cmr/m/n on input line 30.
LaTeX Font Info:    ... okay on input line 30.

*geometry* driver: auto-detecting
*geometry* detected driver: pdftex
*geometry* verbose mode - [ preamble ] result:
* driver: pdftex
* paper: a4paper
* layout: <same size as paper>
* layoutoffset:(h,v)=(0.0pt,0.0pt)
* modes: 
* h-part:(L,W,R)=(85.35826pt, 455.24411pt, 56.9055pt)
* v-part:(T,H,B)=(72.2698pt, 700.50723pt, 72.2698pt)
* \paperwidth=597.50787pt
* \paperheight=845.04684pt
* \textwidth=455.24411pt
* \textheight=700.50723pt
* \oddsidemargin=13.08827pt
* \evensidemargin=13.08827pt
* \topmargin=-37.00018pt
* \headheight=12.0pt
* \headsep=25.0pt
* \topskip=12.0pt
* \footskip=30.0pt
* \marginparwidth=35.0pt
* \marginparsep=10.0pt
* \columnsep=10.0pt
* \skip\footins=10.8pt plus 4.0pt minus 2.0pt
* \hoffset=0.0pt
* \voffset=0.0pt
* \mag=1000
* \@twocolumnfalse
* \@twosidefalse
* \@mparswitchfalse
* \@reversemarginfalse
* (1in=72.27pt=25.4mm, 1cm=28.453pt)


(C:\Users\fanda\AppData\Local\Programs\MiKTeX\tex/context/base/mkii\supp-pdf.mk
ii
[Loading MPS to PDF converter (version 2006.09.02).]
\scratchcounter=\count299
\scratchdimen=\dimen271
\scratchbox=\box102
\nofMPsegments=\count300
\nofMParguments=\count301
\everyMPshowfont=\toks29
\MPscratchCnt=\count302
\MPscratchDim=\dimen272
\MPnumerator=\count303
\makeMPintoPDFobject=\count304
\everyMPtoPDFconversion=\toks30
)
(C:\Users\fanda\AppData\Local\Programs\MiKTeX\tex/latex/epstopdf-pkg\epstopdf-b
ase.sty
Package: epstopdf-base 2020-01-24 v2.11 Base part for package epstopdf
Package epstopdf-base Info: Redefining graphics rule for `.eps' on input line 4
85.
)
Package caption Info: Begin \AtBeginDocument code.
Package caption Info: subfig package v1.3 is loaded.
Package caption Info: End \AtBeginDocument code.

(C:\Users\fanda\AppData\Local\Programs\MiKTeX\tex/latex/pdflscape\pdflscape.sty
Package: pdflscape 2019/12/05 v0.12 Display of landscape pages in PDF (HO)
(C:\Users\fanda\AppData\Local\Programs\MiKTeX\tex/latex/graphics\lscape.sty
Package: lscape 2020/05/28 v3.02 Landscape Pages (DPC)
)
Package pdflscape Info: Auto-detected driver: pdftex on input line 81.
)
<obrazky/symbol_cvut_konturova_verze.jpg, id=1, 142.25145pt x 142.25145pt>
File: obrazky/symbol_cvut_konturova_verze.jpg Graphic file (type jpg)
<use obrazky/symbol_cvut_konturova_verze.jpg>
Package pdftex.def Info: obrazky/symbol_cvut_konturova_verze.jpg  used on input
 line 51.
(pdftex.def)             Requested size: 184.92685pt x 184.92685pt.
LaTeX Font Info:    Trying to load font information for U+esvect on input line 
72.

(C:\Users\fanda\AppData\Local\Programs\MiKTeX\tex/latex/esvect\uesvect.fd
File: uesvect.fd 
)
<adkcv3.pdf, id=2, 614.295pt x 794.97pt>
File: adkcv3.pdf Graphic file (type pdf)
<use adkcv3.pdf>
Package pdftex.def Info: adkcv3.pdf  used on input line 95.
(pdftex.def)             Requested size: 614.29349pt x 794.96806pt.
File: adkcv3.pdf Graphic file (type pdf)
<use adkcv3.pdf>
Package pdftex.def Info: adkcv3.pdf  used on input line 95.
(pdftex.def)             Requested size: 614.29349pt x 794.96806pt.
<adkcv3.pdf, id=5, page=1, 614.295pt x 794.97pt>
File: adkcv3.pdf Graphic file (type pdf)
<use adkcv3.pdf, page 1>
Package pdftex.def Info: adkcv3.pdf , page1 used on input line 95.
(pdftex.def)             Requested size: 614.29349pt x 794.96806pt.
File: adkcv3.pdf Graphic file (type pdf)
<use adkcv3.pdf, page 1>
Package pdftex.def Info: adkcv3.pdf , page1 used on input line 95.
(pdftex.def)             Requested size: 597.78697pt x 773.60669pt.

[1

{C:/Users/fanda/AppData/Local/MiKTeX/pdftex/config/pdftex.map} <./obrazky/symbo
l_cvut_konturova_verze.jpg>]
File: adkcv3.pdf Graphic file (type pdf)
<use adkcv3.pdf, page 1>
Package pdftex.def Info: adkcv3.pdf , page1 used on input line 95.
(pdftex.def)             Requested size: 597.78697pt x 773.60669pt.
File: adkcv3.pdf Graphic file (type pdf)
<use adkcv3.pdf, page 1>
Package pdftex.def Info: adkcv3.pdf , page1 used on input line 95.
(pdftex.def)             Requested size: 597.78697pt x 773.60669pt.
File: adkcv3.pdf Graphic file (type pdf)
<use adkcv3.pdf, page 1>
Package pdftex.def Info: adkcv3.pdf , page1 used on input line 95.
(pdftex.def)             Requested size: 597.78697pt x 773.60669pt.
 [2 <./adkcv3.pdf>]
Overfull \hbox (25.68259pt too wide) in paragraph at lines 113--113
|[]\T1/cmr/bx/n/14.4 Algoritmus pro au-to-ma-tické ge-ne-ro-vá-ních te-rén-ních
 tvar· (+10b)| 
 []

[3

]
<obrazky/th_pol.png, id=77, 153.12654pt x 145.97108pt>
File: obrazky/th_pol.png Graphic file (type png)
<use obrazky/th_pol.png>
Package pdftex.def Info: obrazky/th_pol.png  used on input line 134.
(pdftex.def)             Requested size: 122.50137pt x 116.77701pt.
<obrazky/dt_obr.png, id=79, 156.70425pt x 149.54881pt>
File: obrazky/dt_obr.png Graphic file (type png)
<use obrazky/dt_obr.png>
Package pdftex.def Info: obrazky/dt_obr.png  used on input line 135.
(pdftex.def)             Requested size: 125.36356pt x 119.63919pt.
 [4 <./obrazky/th_pol.png> <./obrazky/dt_obr.png>]
<obrazky/gs.png, id=95, 1445.4pt x 813.0375pt>
File: obrazky/gs.png Graphic file (type png)
<use obrazky/gs.png>
Package pdftex.def Info: obrazky/gs.png  used on input line 185.
(pdftex.def)             Requested size: 158.99449pt x 89.4344pt.
<obrazky/yr.png, id=96, 677.53125pt x 451.6875pt>
File: obrazky/yr.png Graphic file (type png)
<use obrazky/yr.png>
Package pdftex.def Info: obrazky/yr.png  used on input line 186.
(pdftex.def)             Requested size: 135.50385pt x 90.33589pt.
 [5 <./obrazky/gs.png (PNG copy)> <./obrazky/yr.png>]
<obrazky/expozice_barvy.png, id=101, 554.54703pt x 477.26822pt>
File: obrazky/expozice_barvy.png Graphic file (type png)
<use obrazky/expozice_barvy.png>
Package pdftex.def Info: obrazky/expozice_barvy.png  used on input line 206.
(pdftex.def)             Requested size: 166.36539pt x 143.18156pt.
<obrazky/esri_expozice.png, id=102, 576.1525pt x 227.85126pt>
File: obrazky/esri_expozice.png Graphic file (type png)
<use obrazky/esri_expozice.png>
Package pdftex.def Info: obrazky/esri_expozice.png  used on input line 215.
(pdftex.def)             Requested size: 403.30399pt x 159.49478pt.
 [6 <./obrazky/expozice_barvy.png> <./obrazky/esri_expozice.png (PNG copy)>]
LaTeX Font Info:    Trying to load font information for T1+cmtt on input line 2
46.

(C:\Users\fanda\AppData\Local\Programs\MiKTeX\tex/latex/base\t1cmtt.fd
File: t1cmtt.fd 2019/12/16 v2.5j Standard LaTeX font definitions
)
[7] [8] [9] [10] [11]
<obrazky/arcgis_body.png, id=123, 1373.84555pt x 737.72644pt>
File: obrazky/arcgis_body.png Graphic file (type png)
<use obrazky/arcgis_body.png>
Package pdftex.def Info: obrazky/arcgis_body.png  used on input line 416.
(pdftex.def)             Requested size: 453.37044pt x 243.45047pt.
 [12 <./obrazky/arcgis_body.png>]
<obrazky/zapnuti.png, id=128, 909.45712pt x 622.52376pt>
File: obrazky/zapnuti.png Graphic file (type png)
<use obrazky/zapnuti.png>
Package pdftex.def Info: obrazky/zapnuti.png  used on input line 465.
(pdftex.def)             Requested size: 409.25192pt x 280.1331pt.
 [13]
<obrazky/sklon_gs.png, id=133, 908.74158pt x 622.52376pt>
File: obrazky/sklon_gs.png Graphic file (type png)
<use obrazky/sklon_gs.png>
Package pdftex.def Info: obrazky/sklon_gs.png  used on input line 476.
(pdftex.def)             Requested size: 408.92993pt x 280.1331pt.
<obrazky/sklon_yr.png, id=134, 908.74158pt x 621.80821pt>
File: obrazky/sklon_yr.png Graphic file (type png)
<use obrazky/sklon_yr.png>
Package pdftex.def Info: obrazky/sklon_yr.png  used on input line 485.
(pdftex.def)             Requested size: 408.92993pt x 279.8111pt.
 [14 <./obrazky/zapnuti.png> <./obrazky/sklon_gs.png>]
<obrazky/exp_km.png, id=140, 906.59496pt x 621.80821pt>
File: obrazky/exp_km.png Graphic file (type png)
<use obrazky/exp_km.png>
Package pdftex.def Info: obrazky/exp_km.png  used on input line 494.
(pdftex.def)             Requested size: 407.96396pt x 279.8111pt.
<obrazky/exp_arcgis.png, id=141, 907.3105pt x 619.66159pt>
File: obrazky/exp_arcgis.png Graphic file (type png)
<use obrazky/exp_arcgis.png>
Package pdftex.def Info: obrazky/exp_arcgis.png  used on input line 503.
(pdftex.def)             Requested size: 408.28595pt x 278.84512pt.
 [15 <./obrazky/sklon_yr.png> <./obrazky/exp_km.png>]
<obrazky/vrst_bezpop.png, id=147, 908.02605pt x 619.66159pt>
File: obrazky/vrst_bezpop.png Graphic file (type png)
<use obrazky/vrst_bezpop.png>
Package pdftex.def Info: obrazky/vrst_bezpop.png  used on input line 513.
(pdftex.def)             Requested size: 408.60794pt x 278.84512pt.
<obrazky/vrst_pop.png, id=148, 908.74158pt x 623.2393pt>
File: obrazky/vrst_pop.png Graphic file (type png)
<use obrazky/vrst_pop.png>
Package pdftex.def Info: obrazky/vrst_pop.png  used on input line 522.
(pdftex.def)             Requested size: 408.92993pt x 280.4551pt.
 [16 <./obrazky/exp_arcgis.png> <./obrazky/vrst_bezpop.png>]
<obrazky/rand_dt.png, id=154, 906.59496pt x 621.09267pt>
File: obrazky/rand_dt.png Graphic file (type png)
<use obrazky/rand_dt.png>
Package pdftex.def Info: obrazky/rand_dt.png  used on input line 533.
(pdftex.def)             Requested size: 407.96396pt x 279.48912pt.
<obrazky/kupa.png, id=155, 908.74158pt x 622.52376pt>
File: obrazky/kupa.png Graphic file (type png)
<use obrazky/kupa.png>
Package pdftex.def Info: obrazky/kupa.png  used on input line 542.
(pdftex.def)             Requested size: 408.92993pt x 280.1331pt.
 [17 <./obrazky/vrst_pop.png> <./obrazky/rand_dt.png>]
<obrazky/spocinek.png, id=161, 908.74158pt x 620.37714pt>
File: obrazky/spocinek.png Graphic file (type png)
<use obrazky/spocinek.png>
Package pdftex.def Info: obrazky/spocinek.png  used on input line 551.
(pdftex.def)             Requested size: 408.92993pt x 279.16713pt.
<obrazky/hrbet.png, id=162, 907.3105pt x 619.66159pt>
File: obrazky/hrbet.png Graphic file (type png)
<use obrazky/hrbet.png>
Package pdftex.def Info: obrazky/hrbet.png  used on input line 560.
(pdftex.def)             Requested size: 408.28595pt x 278.84512pt.
 [18 <./obrazky/kupa.png> <./obrazky/spocinek.png>]
<obrazky/udoli.png, id=168, 906.59496pt x 618.94604pt>
File: obrazky/udoli.png Graphic file (type png)
<use obrazky/udoli.png>
Package pdftex.def Info: obrazky/udoli.png  used on input line 569.
(pdftex.def)             Requested size: 407.96396pt x 278.52315pt.
<obrazky/no_points.png, id=169, 296.95099pt x 85.86534pt>
File: obrazky/no_points.png Graphic file (type png)
<use obrazky/no_points.png>
Package pdftex.def Info: obrazky/no_points.png  used on input line 579.
(pdftex.def)             Requested size: 207.86427pt x 60.10532pt.
 [19 <./obrazky/hrbet.png> <./obrazky/udoli.png>]
<obrazky/no_dt.png, id=176, 256.8805pt x 85.86534pt>
File: obrazky/no_dt.png Graphic file (type png)
<use obrazky/no_dt.png>
Package pdftex.def Info: obrazky/no_dt.png  used on input line 588.
(pdftex.def)             Requested size: 179.81511pt x 60.10532pt.
<obrazky/no_contours.png, id=177, 260.45822pt x 85.1498pt>
File: obrazky/no_contours.png Graphic file (type png)
<use obrazky/no_contours.png>
Package pdftex.def Info: obrazky/no_contours.png  used on input line 597.
(pdftex.def)             Requested size: 182.31949pt x 59.60445pt.

Underfull \hbox (badness 10000) in paragraph at lines 616--617

 []


Underfull \hbox (badness 10000) in paragraph at lines 622--623

 []


Overfull \hbox (7.76782pt too wide) in paragraph at lines 626--626
[]\T1/cmtt/m/n/12 int getDelaunayPoint(QPoint3D &s,QPoint3D &e,std::vector<QPoi
nt3D> &points)[] 
 []


Underfull \hbox (badness 10000) in paragraph at lines 627--628

 []


Underfull \hbox (badness 10000) in paragraph at lines 632--633

 []


Underfull \hbox (badness 10000) in paragraph at lines 641--642

 []

[20 <./obrazky/no_points.png> <./obrazky/no_dt.png> <./obrazky/no_contours.png>
]
Underfull \hbox (badness 10000) in paragraph at lines 646--647

 []


Underfull \hbox (badness 10000) in paragraph at lines 652--653

 []


Underfull \hbox (badness 10000) in paragraph at lines 657--658

 []


Underfull \hbox (badness 10000) in paragraph at lines 662--663

 []


Underfull \hbox (badness 10000) in paragraph at lines 667--668

 []


Underfull \hbox (badness 10000) in paragraph at lines 672--673

 []


Underfull \hbox (badness 10000) in paragraph at lines 677--678

 []


Underfull \hbox (badness 10000) in paragraph at lines 682--683

 []


Underfull \hbox (badness 10000) in paragraph at lines 687--688

 []


Underfull \hbox (badness 10000) in paragraph at lines 692--693

 []


Underfull \hbox (badness 10000) in paragraph at lines 697--698

 []

[21]
Underfull \hbox (badness 10000) in paragraph at lines 702--703

 []


Underfull \hbox (badness 10000) in paragraph at lines 713--714

 []


Underfull \hbox (badness 10000) in paragraph at lines 718--719

 []


Underfull \hbox (badness 10000) in paragraph at lines 723--724

 []


Underfull \hbox (badness 10000) in paragraph at lines 728--729

 []


Underfull \hbox (badness 10000) in paragraph at lines 733--734

 []


Underfull \hbox (badness 10000) in paragraph at lines 739--740

 []


Underfull \hbox (badness 10000) in paragraph at lines 744--745

 []


Underfull \hbox (badness 10000) in paragraph at lines 749--750

 []

[22]
Underfull \hbox (badness 10000) in paragraph at lines 754--755

 []


Underfull \hbox (badness 10000) in paragraph at lines 759--760

 []


Underfull \hbox (badness 10000) in paragraph at lines 764--765

 []


Underfull \hbox (badness 10000) in paragraph at lines 769--770

 []


Underfull \hbox (badness 10000) in paragraph at lines 774--775

 []


Overfull \hbox (20.1148pt too wide) in paragraph at lines 778--778
[]\T1/cmtt/m/n/12 void setTriangles(std::vector<Triangle> &triangles_){triangle
s = triangles_;}[] 
 []


Underfull \hbox (badness 10000) in paragraph at lines 779--780

 []


Underfull \hbox (badness 10000) in paragraph at lines 784--785

 []


Underfull \hbox (badness 10000) in paragraph at lines 789--790

 []


Underfull \hbox (badness 10000) in paragraph at lines 794--795

 []


Underfull \hbox (badness 10000) in paragraph at lines 800--801

 []

[23]
Underfull \hbox (badness 10000) in paragraph at lines 805--806

 []


Underfull \hbox (badness 10000) in paragraph at lines 810--811

 []


Overfull \hbox (1.59433pt too wide) in paragraph at lines 815--815
[]    \T1/cmtt/m/n/12 contours.clear(), main_contours.clear(), main_contours_la
bel.clear();}[] 
 []


Underfull \hbox (badness 10000) in paragraph at lines 816--817

 []


Underfull \hbox (badness 10000) in paragraph at lines 821--822

 []


Underfull \hbox (badness 10000) in paragraph at lines 827--828

 []


Underfull \hbox (badness 10000) in paragraph at lines 832--833

 []


Underfull \hbox (badness 10000) in paragraph at lines 838--839

 []


Underfull \hbox (badness 10000) in paragraph at lines 843--844

 []


Underfull \hbox (badness 10000) in paragraph at lines 848--849

 []


Underfull \hbox (badness 10000) in paragraph at lines 853--854

 []

[24]
Underfull \hbox (badness 10000) in paragraph at lines 858--859

 []


Underfull \hbox (badness 10000) in paragraph at lines 863--864

 []


Underfull \hbox (badness 10000) in paragraph at lines 871--872

 []


Underfull \hbox (badness 10000) in paragraph at lines 876--877

 []


Underfull \hbox (badness 10000) in paragraph at lines 881--882

 []


Underfull \hbox (badness 10000) in paragraph at lines 888--889

 []


Underfull \hbox (badness 10000) in paragraph at lines 894--895

 []


Underfull \hbox (badness 10000) in paragraph at lines 899--900

 []

[25]
Underfull \hbox (badness 10000) in paragraph at lines 906--907

 []


Underfull \hbox (badness 10000) in paragraph at lines 913--914

 []


Underfull \hbox (badness 10000) in paragraph at lines 921--922

 []


Underfull \hbox (badness 10000) in paragraph at lines 926--927

 []


Underfull \hbox (badness 10000) in paragraph at lines 932--933

 []


Underfull \hbox (badness 10000) in paragraph at lines 937--938

 []


Underfull \hbox (badness 10000) in paragraph at lines 942--943

 []


Underfull \hbox (badness 10000) in paragraph at lines 947--948

 []


Underfull \hbox (badness 10000) in paragraph at lines 952--953

 []


Underfull \hbox (badness 10000) in paragraph at lines 957--958

 []

[26]
Underfull \hbox (badness 10000) in paragraph at lines 962--963

 []


Underfull \hbox (badness 10000) in paragraph at lines 967--968

 []


Underfull \hbox (badness 10000) in paragraph at lines 972--973

 []


Underfull \hbox (badness 10000) in paragraph at lines 977--978

 []


Underfull \hbox (badness 10000) in paragraph at lines 987--988

 []


Underfull \hbox (badness 10000) in paragraph at lines 992--993

 []


Underfull \hbox (badness 10000) in paragraph at lines 997--998

 []


Underfull \hbox (badness 10000) in paragraph at lines 1002--1003

 []


Underfull \hbox (badness 10000) in paragraph at lines 1007--1008

 []


Underfull \hbox (badness 10000) in paragraph at lines 1012--1013

 []

[27]
Underfull \hbox (badness 10000) in paragraph at lines 1017--1018

 []


Underfull \hbox (badness 10000) in paragraph at lines 1022--1023

 []


Underfull \hbox (badness 10000) in paragraph at lines 1027--1028

 []


Underfull \hbox (badness 10000) in paragraph at lines 1032--1033

 []


Underfull \hbox (badness 10000) in paragraph at lines 1037--1038

 []


Underfull \hbox (badness 10000) in paragraph at lines 1042--1043

 []


Underfull \hbox (badness 10000) in paragraph at lines 1047--1048

 []


Underfull \hbox (badness 10000) in paragraph at lines 1052--1053

 []

[28]
<obrazky/chyba_hrbet.png, id=210, 567.42683pt x 404.28267pt>
File: obrazky/chyba_hrbet.png Graphic file (type png)
<use obrazky/chyba_hrbet.png>
Package pdftex.def Info: obrazky/chyba_hrbet.png  used on input line 1066.
(pdftex.def)             Requested size: 453.94208pt x 323.42657pt.
 [29 <./obrazky/chyba_hrbet.png>] [30] (U3_Kuzmanov_Muzik_TZ.bbl
Overfull \hbox (42.83618pt too wide) in paragraph at lines 4--8
[]\T1/cmr/m/sc/12 ArcGis Pro\T1/cmr/m/n/12 .  Zá-klad sys-tému Ar-c-GIS.  https
://www.arcdata.cz/produkty/arcgis/desktopovy-
 []


Underfull \hbox (badness 10000) in paragraph at lines 10--15
[]\T1/cmr/m/sc/12 Computer Science Field Gu-ide\T1/cmr/m/n/12 .  Com-pu-ter Sci
ence Edu-cation
 []


Underfull \hbox (badness 10000) in paragraph at lines 10--15
\T1/cmr/m/n/12 Re-search Group at the Uni-ver-sity of Can-ter-bury, New Ze-a-la
nd.
 []

) [31

] (U3_Kuzmanov_Muzik_TZ.aux)

LaTeX Warning: There were multiply-defined labels.

 ) 
Here is how much of TeX's memory you used:
 7556 strings out of 479799
 117175 string characters out of 2869723
 433591 words of memory out of 3000000
 24392 multiletter control sequences out of 15000+200000
 547787 words of font info for 63 fonts, out of 3000000 for 9000
 1143 hyphenation exceptions out of 8191
 78i,17n,85p,624b,425s stack positions out of 5000i,500n,10000p,200000b,50000s
 <C:\Users\fanda\AppData\Local\MiKTeX\fonts/pk/ljfour/jknappen/ec/dpi600\eccc
1200.pk> <C:\Users\fanda\AppData\Local\MiKTeX\fonts/pk/ljfour/jknappen/ec/dpi60
0\ecti1200.pk> <C:\Users\fanda\AppData\Local\MiKTeX\fonts/pk/ljfour/jknappen/ec
/dpi600\ectt1200.pk> <C:\Users\fanda\AppData\Local\MiKTeX\fonts/pk/ljfour/jknap
pen/ec/dpi600\ecbx1200.pk> <C:\Users\fanda\AppData\Local\MiKTeX\fonts/pk/ljfour
/jknappen/ec/dpi600\tcrm1200.pk> <C:\Users\fanda\AppData\Local\MiKTeX\fonts/pk/
ljfour/jknappen/ec/dpi600\ecrm1200.pk> <C:\Users\fanda\AppData\Local\MiKTeX\fon
ts/pk/ljfour/jknappen/ec/dpi600\ecbx1440.pk> <C:\Users\fanda\AppData\Local\MiKT
eX\fonts/pk/ljfour/jknappen/ec/dpi600\ecbx2074.pk> <C:\Users\fanda\AppData\Loca
l\MiKTeX\fonts/pk/ljfour/jknappen/ec/dpi600\ecbx1728.pk> <C:\Users\fanda\AppDat
a\Local\MiKTeX\fonts/pk/ljfour/jknappen/ec/dpi600\ecrm1440.pk><C:/Users/fanda/A
ppData/Local/Programs/MiKTeX/fonts/type1/public/amsfonts/cm/cmbx10.pfb><C:/User
s/fanda/AppData/Local/Programs/MiKTeX/fonts/type1/public/amsfonts/cm/cmbx12.pfb
><C:/Users/fanda/AppData/Local/Programs/MiKTeX/fonts/type1/public/amsfonts/cm/c
mbx9.pfb><C:/Users/fanda/AppData/Local/Programs/MiKTeX/fonts/type1/public/amsfo
nts/cm/cmmi10.pfb><C:/Users/fanda/AppData/Local/Programs/MiKTeX/fonts/type1/pub
lic/amsfonts/cm/cmmi12.pfb><C:/Users/fanda/AppData/Local/Programs/MiKTeX/fonts/
type1/public/amsfonts/cm/cmmi6.pfb><C:/Users/fanda/AppData/Local/Programs/MiKTe
X/fonts/type1/public/amsfonts/cm/cmmi7.pfb><C:/Users/fanda/AppData/Local/Progra
ms/MiKTeX/fonts/type1/public/amsfonts/cm/cmmi8.pfb><C:/Users/fanda/AppData/Loca
l/Programs/MiKTeX/fonts/type1/public/amsfonts/cm/cmr10.pfb><C:/Users/fanda/AppD
ata/Local/Programs/MiKTeX/fonts/type1/public/amsfonts/cm/cmr12.pfb><C:/Users/fa
nda/AppData/Local/Programs/MiKTeX/fonts/type1/public/amsfonts/cm/cmr7.pfb><C:/U
sers/fanda/AppData/Local/Programs/MiKTeX/fonts/type1/public/amsfonts/cm/cmr8.pf
b><C:/Users/fanda/AppData/Local/Programs/MiKTeX/fonts/type1/public/amsfonts/cm/
cmr9.pfb><C:/Users/fanda/AppData/Local/Programs/MiKTeX/fonts/type1/public/amsfo
nts/cm/cmsy10.pfb><C:/Users/fanda/AppData/Local/Programs/MiKTeX/fonts/type1/pub
lic/amsfonts/cm/cmsy6.pfb><C:/Users/fanda/AppData/Local/Programs/MiKTeX/fonts/t
ype1/public/amsfonts/cm/cmsy8.pfb><C:/Users/fanda/AppData/Local/Programs/MiKTeX
/fonts/type1/public/amsfonts/cm/cmti10.pfb><C:/Users/fanda/AppData/Local/Progra
ms/MiKTeX/fonts/type1/public/amsfonts/cm/cmti9.pfb>
Output written on U3_Kuzmanov_Muzik_TZ.pdf (31 pages, 2468644 bytes).
PDF statistics:
 708 PDF objects out of 1000 (max. 8388607)
 0 named destinations out of 1000 (max. 500000)
 141 words of extra memory for PDF output out of 10000 (max. 10000000)

