This is pdfTeX, Version 3.14159265-2.6-1.40.21 (MiKTeX 20.11) (preloaded format=pdflatex 2020.12.3)  19 NOV 2021 12:39
entering extended mode
**./U2_Kuzmanov_Muzik_TZ.tex
(U2_Kuzmanov_Muzik_TZ.tex
LaTeX2e <2020-10-01> patch level 2
L3 programming layer <2020-10-27> xparse <2020-03-03>
(C:\Users\fanda\AppData\Local\Programs\MiKTeX\tex/latex/base\article.cls
Document Class: article 2020/04/10 v1.4m Standard LaTeX document class
(C:\Users\fanda\AppData\Local\Programs\MiKTeX\tex/latex/base\size12.clo
File: size12.clo 2020/04/10 v1.4m Standard LaTeX file (size option)
)
\c@part=\count175
\c@section=\count176
\c@subsection=\count177
\c@subsubsection=\count178
\c@paragraph=\count179
\c@subparagraph=\count180
\c@figure=\count181
\c@table=\count182
\abovecaptionskip=\skip47
\belowcaptionskip=\skip48
\bibindent=\dimen138
)
(C:\Users\fanda\AppData\Local\Programs\MiKTeX\tex/latex/geometry\geometry.sty
Package: geometry 2020/01/02 v5.9 Page Geometry

(C:\Users\fanda\AppData\Local\Programs\MiKTeX\tex/latex/graphics\keyval.sty
Package: keyval 2014/10/28 v1.15 key=value parser (DPC)
\KV@toks@=\toks15
)
(C:\Users\fanda\AppData\Local\Programs\MiKTeX\tex/generic/iftex\ifvtex.sty
Package: ifvtex 2019/10/25 v1.7 ifvtex legacy package. Use iftex instead.

(C:\Users\fanda\AppData\Local\Programs\MiKTeX\tex/generic/iftex\iftex.sty
Package: iftex 2020/03/06 v1.0d TeX engine tests
))
\Gm@cnth=\count183
\Gm@cntv=\count184
\c@Gm@tempcnt=\count185
\Gm@bindingoffset=\dimen139
\Gm@wd@mp=\dimen140
\Gm@odd@mp=\dimen141
\Gm@even@mp=\dimen142
\Gm@layoutwidth=\dimen143
\Gm@layoutheight=\dimen144
\Gm@layouthoffset=\dimen145
\Gm@layoutvoffset=\dimen146
\Gm@dimlist=\toks16

(C:\Users\fanda\AppData\Local\Programs\MiKTeX\tex/latex/geometry\geometry.cfg))
(C:\Users\fanda\AppData\Local\Programs\MiKTeX\tex/latex/base\inputenc.sty
Package: inputenc 2020/08/01 v1.3d Input encoding file
\inpenc@prehook=\toks17
\inpenc@posthook=\toks18
)
(C:\Users\fanda\AppData\Local\Programs\MiKTeX\tex/generic/babel\babel.sty
Package: babel 2020/10/27 3.51 The Babel package

(C:\Users\fanda\AppData\Local\Programs\MiKTeX\tex/generic/babel\babel.def
File: babel.def 2020/10/27 3.51 Babel common definitions
\babel@savecnt=\count186
\U@D=\dimen147
\l@babelnohyphens=\language79

(C:\Users\fanda\AppData\Local\Programs\MiKTeX\tex/generic/babel\txtbabel.def)
\bbl@readstream=\read2
)
\bbl@dirlevel=\count187

*************************************
* Local config file bblopts.cfg used
*
(C:\Users\fanda\AppData\Local\Programs\MiKTeX\tex/latex/arabi\bblopts.cfg
File: bblopts.cfg 2005/09/08 v0.1 add Arabic and Farsi to "declared" options of
 babel
)
(C:\Users\fanda\AppData\Local\Programs\MiKTeX\tex/latex/babel-czech\czech.ldf
Language: czech 2008/07/06 v3.1a Czech support from the babel system
Package babel Info: Making " an active character on input line 172.
\cs@wordlen=\count188
Package babel Info: Making - an active character on input line 226.
)) (C:\Users\fanda\AppData\Local\Programs\MiKTeX\tex/latex/base\fontenc.sty
Package: fontenc 2020/08/10 v2.0s Standard LaTeX package
)
(C:\Users\fanda\AppData\Local\Programs\MiKTeX\tex/latex/graphics\graphicx.sty
Package: graphicx 2020/09/09 v1.2b Enhanced LaTeX Graphics (DPC,SPQR)

(C:\Users\fanda\AppData\Local\Programs\MiKTeX\tex/latex/graphics\graphics.sty
Package: graphics 2020/08/30 v1.4c Standard LaTeX Graphics (DPC,SPQR)

(C:\Users\fanda\AppData\Local\Programs\MiKTeX\tex/latex/graphics\trig.sty
Package: trig 2016/01/03 v1.10 sin cos tan (DPC)
)
(C:\Users\fanda\AppData\Local\Programs\MiKTeX\tex/latex/graphics-cfg\graphics.c
fg
File: graphics.cfg 2016/06/04 v1.11 sample graphics configuration
)
Package graphics Info: Driver file: pdftex.def on input line 105.

(C:\Users\fanda\AppData\Local\Programs\MiKTeX\tex/latex/graphics-def\pdftex.def
File: pdftex.def 2020/10/05 v1.2a Graphics/color driver for pdftex
))
\Gin@req@height=\dimen148
\Gin@req@width=\dimen149
)
(C:\Users\fanda\AppData\Local\Programs\MiKTeX\tex/latex/booktabs\booktabs.sty
Package: booktabs 2020/01/12 v1.61803398 Publication quality tables
\heavyrulewidth=\dimen150
\lightrulewidth=\dimen151
\cmidrulewidth=\dimen152
\belowrulesep=\dimen153
\belowbottomsep=\dimen154
\aboverulesep=\dimen155
\abovetopsep=\dimen156
\cmidrulesep=\dimen157
\cmidrulekern=\dimen158
\defaultaddspace=\dimen159
\@cmidla=\count189
\@cmidlb=\count190
\@aboverulesep=\dimen160
\@belowrulesep=\dimen161
\@thisruleclass=\count191
\@lastruleclass=\count192
\@thisrulewidth=\dimen162
)
(C:\Users\fanda\AppData\Local\Programs\MiKTeX\tex/latex/tools\tabularx.sty
Package: tabularx 2020/01/15 v2.11c `tabularx' package (DPC)

(C:\Users\fanda\AppData\Local\Programs\MiKTeX\tex/latex/tools\array.sty
Package: array 2019/08/31 v2.4l Tabular extension package (FMi)
\col@sep=\dimen163
\ar@mcellbox=\box47
\extrarowheight=\dimen164
\NC@list=\toks19
\extratabsurround=\skip49
\backup@length=\skip50
\ar@cellbox=\box48
)
\TX@col@width=\dimen165
\TX@old@table=\dimen166
\TX@old@col=\dimen167
\TX@target=\dimen168
\TX@delta=\dimen169
\TX@cols=\count193
\TX@ftn=\toks20
)
(C:\Users\fanda\AppData\Local\Programs\MiKTeX\tex/latex/tools\indentfirst.sty
Package: indentfirst 1995/11/23 v1.03 Indent first paragraph (DPC)
)
(C:\Users\fanda\AppData\Local\Programs\MiKTeX\tex/latex/tools\multicol.sty
Package: multicol 2019/12/09 v1.8y multicolumn formatting (FMi)
\c@tracingmulticols=\count194
\mult@box=\box49
\multicol@leftmargin=\dimen170
\c@unbalance=\count195
\c@collectmore=\count196
\doublecol@number=\count197
\multicoltolerance=\count198
\multicolpretolerance=\count199
\full@width=\dimen171
\page@free=\dimen172
\premulticols=\dimen173
\postmulticols=\dimen174
\multicolsep=\skip51
\multicolbaselineskip=\skip52
\partial@page=\box50
\last@line=\box51
\maxbalancingoverflow=\dimen175
\mult@rightbox=\box52
\mult@grightbox=\box53
\mult@gfirstbox=\box54
\mult@firstbox=\box55
\@tempa=\box56
\@tempa=\box57
\@tempa=\box58
\@tempa=\box59
\@tempa=\box60
\@tempa=\box61
\@tempa=\box62
\@tempa=\box63
\@tempa=\box64
\@tempa=\box65
\@tempa=\box66
\@tempa=\box67
\@tempa=\box68
\@tempa=\box69
\@tempa=\box70
\@tempa=\box71
\@tempa=\box72
\@tempa=\box73
\@tempa=\box74
\@tempa=\box75
\@tempa=\box76
\@tempa=\box77
\@tempa=\box78
\@tempa=\box79
\@tempa=\box80
\@tempa=\box81
\@tempa=\box82
\@tempa=\box83
\@tempa=\box84
\@tempa=\box85
\@tempa=\box86
\@tempa=\box87
\@tempa=\box88
\@tempa=\box89
\@tempa=\box90
\@tempa=\box91
\@tempa=\box92
\c@minrows=\count266
\c@columnbadness=\count267
\c@finalcolumnbadness=\count268
\last@try=\dimen176
\multicolovershoot=\dimen177
\multicolundershoot=\dimen178
\mult@nat@firstbox=\box93
\colbreak@box=\box94
\mc@col@check@num=\count269
)
(C:\Users\fanda\AppData\Local\Programs\MiKTeX\tex/latex/titlesec\titlesec.sty
Package: titlesec 2019/10/16 v2.13 Sectioning titles
\ttl@box=\box95
\beforetitleunit=\skip53
\aftertitleunit=\skip54
\ttl@plus=\dimen179
\ttl@minus=\dimen180
\ttl@toksa=\toks21
\titlewidth=\dimen181
\titlewidthlast=\dimen182
\titlewidthfirst=\dimen183
)
(C:\Users\fanda\AppData\Local\Programs\MiKTeX\tex/latex/mathtools\mathtools.sty
Package: mathtools 2021/04/12 v1.27 mathematical typesetting tools
(C:\Users\fanda\AppData\Local\Programs\MiKTeX\tex/latex/tools\calc.sty
Package: calc 2017/05/25 v4.3 Infix arithmetic (KKT,FJ)
\calc@Acount=\count270
\calc@Bcount=\count271
\calc@Adimen=\dimen184
\calc@Bdimen=\dimen185
\calc@Askip=\skip55
\calc@Bskip=\skip56
LaTeX Info: Redefining \setlength on input line 80.
LaTeX Info: Redefining \addtolength on input line 81.
\calc@Ccount=\count272
\calc@Cskip=\skip57
)
(C:\Users\fanda\AppData\Local\Programs\MiKTeX\tex/latex/mathtools\mhsetup.sty
Package: mhsetup 2021/03/18 v1.4 programming setup (MH)
)
(C:\Users\fanda\AppData\Local\Programs\MiKTeX\tex/latex/amsmath\amsmath.sty
Package: amsmath 2020/09/23 v2.17i AMS math features
\@mathmargin=\skip58

For additional information on amsmath, use the `?' option.
(C:\Users\fanda\AppData\Local\Programs\MiKTeX\tex/latex/amsmath\amstext.sty
Package: amstext 2000/06/29 v2.01 AMS text

(C:\Users\fanda\AppData\Local\Programs\MiKTeX\tex/latex/amsmath\amsgen.sty
File: amsgen.sty 1999/11/30 v2.0 generic functions
\@emptytoks=\toks22
\ex@=\dimen186
))
(C:\Users\fanda\AppData\Local\Programs\MiKTeX\tex/latex/amsmath\amsbsy.sty
Package: amsbsy 1999/11/29 v1.2d Bold Symbols
\pmbraise@=\dimen187
)
(C:\Users\fanda\AppData\Local\Programs\MiKTeX\tex/latex/amsmath\amsopn.sty
Package: amsopn 2016/03/08 v2.02 operator names
)
\inf@bad=\count273
LaTeX Info: Redefining \frac on input line 234.
\uproot@=\count274
\leftroot@=\count275
LaTeX Info: Redefining \overline on input line 399.
\classnum@=\count276
\DOTSCASE@=\count277
LaTeX Info: Redefining \ldots on input line 496.
LaTeX Info: Redefining \dots on input line 499.
LaTeX Info: Redefining \cdots on input line 620.
\Mathstrutbox@=\box96
\strutbox@=\box97
\big@size=\dimen188
LaTeX Font Info:    Redeclaring font encoding OML on input line 743.
LaTeX Font Info:    Redeclaring font encoding OMS on input line 744.
\macc@depth=\count278
\c@MaxMatrixCols=\count279
\dotsspace@=\muskip16
\c@parentequation=\count280
\dspbrk@lvl=\count281
\tag@help=\toks23
\row@=\count282
\column@=\count283
\maxfields@=\count284
\andhelp@=\toks24
\eqnshift@=\dimen189
\alignsep@=\dimen190
\tagshift@=\dimen191
\tagwidth@=\dimen192
\totwidth@=\dimen193
\lineht@=\dimen194
\@envbody=\toks25
\multlinegap=\skip59
\multlinetaggap=\skip60
\mathdisplay@stack=\toks26
LaTeX Info: Redefining \[ on input line 2923.
LaTeX Info: Redefining \] on input line 2924.
)
LaTeX Info: Thecontrolsequence`\('isalreadyrobust on input line 130.
LaTeX Info: Thecontrolsequence`\)'isalreadyrobust on input line 130.
LaTeX Info: Thecontrolsequence`\['isalreadyrobust on input line 130.
LaTeX Info: Thecontrolsequence`\]'isalreadyrobust on input line 130.
\g_MT_multlinerow_int=\count285
\l_MT_multwidth_dim=\dimen195
\origjot=\skip61
\l_MT_shortvdotswithinadjustabove_dim=\dimen196
\l_MT_shortvdotswithinadjustbelow_dim=\dimen197
\l_MT_above_intertext_sep=\dimen198
\l_MT_below_intertext_sep=\dimen199
\l_MT_above_shortintertext_sep=\dimen256
\l_MT_below_shortintertext_sep=\dimen257
\xmathstrut@box=\box98
\xmathstrut@dim=\dimen258
)
(C:\Users\fanda\AppData\Local\Programs\MiKTeX\tex/latex/esvect\esvect.sty
Package: esvect 
\symesvector=\mathgroup4
)
(C:\Users\fanda\AppData\Local\Programs\MiKTeX\tex/latex/url\url.sty
\Urlmuskip=\muskip17
Package: url 2013/09/16  ver 3.4  Verb mode for urls, etc.
)
(C:\Users\fanda\AppData\Local\Programs\MiKTeX\tex/latex/caption\caption.sty
Package: caption 2020/10/26 v3.5g Customizing captions (AR)

(C:\Users\fanda\AppData\Local\Programs\MiKTeX\tex/latex/caption\caption3.sty
Package: caption3 2020/10/21 v2.2e caption3 kernel (AR)
\captionmargin=\dimen259
\captionmargin@=\dimen260
\captionwidth=\dimen261
\caption@tempdima=\dimen262
\caption@indent=\dimen263
\caption@parindent=\dimen264
\caption@hangindent=\dimen265
Package caption Info: Standard document class detected.
)
\c@caption@flags=\count286
\c@continuedfloat=\count287
)
(C:\Users\fanda\AppData\Local\Programs\MiKTeX\tex/latex/subfig\subfig.sty
Package: subfig 2005/06/28 ver: 1.3 subfig package
\c@KVtest=\count288
\sf@farskip=\skip62
\sf@captopadj=\dimen266
\sf@capskip=\skip63
\sf@nearskip=\skip64
\c@subfigure=\count289
\c@subfigure@save=\count290
\c@lofdepth=\count291
\c@subtable=\count292
\c@subtable@save=\count293
\c@lotdepth=\count294
\sf@top=\skip65
\sf@bottom=\skip66
)
(C:\Users\fanda\AppData\Local\Programs\MiKTeX\tex/latex/placeins\placeins.sty
Package: placeins 2005/04/18  v 2.2
)
(C:\Users\fanda\AppData\Local\Programs\MiKTeX\tex/latex/pdfpages\pdfpages.sty
Package: pdfpages 2020/01/28 v0.5q Insert pages of external PDF documents (AM)

(C:\Users\fanda\AppData\Local\Programs\MiKTeX\tex/latex/base\ifthen.sty
Package: ifthen 2014/09/29 v1.1c Standard LaTeX ifthen package (DPC)
)
(C:\Users\fanda\AppData\Local\Programs\MiKTeX\tex/latex/eso-pic\eso-pic.sty
Package: eso-pic 2020/09/27 v2.0i eso-pic (RN)

(C:\Users\fanda\AppData\Local\Programs\MiKTeX\tex/latex/base\atbegshi-ltx.sty
Package: atbegshi-ltx 2020/08/17 v1.0a Emulation of the original atbegshi packa
ge
with kernel methods
)
\ESO@tempdima=\dimen267
\ESO@tempdimb=\dimen268

(C:\Users\fanda\AppData\Local\Programs\MiKTeX\tex/latex/xcolor\xcolor.sty
Package: xcolor 2016/05/11 v2.12 LaTeX color extensions (UK)

(C:\Users\fanda\AppData\Local\Programs\MiKTeX\tex/latex/graphics-cfg\color.cfg
File: color.cfg 2016/01/02 v1.6 sample color configuration
)
Package xcolor Info: Driver file: pdftex.def on input line 225.
Package xcolor Info: Model `cmy' substituted by `cmy0' on input line 1348.
Package xcolor Info: Model `hsb' substituted by `rgb' on input line 1352.
Package xcolor Info: Model `RGB' extended on input line 1364.
Package xcolor Info: Model `HTML' substituted by `rgb' on input line 1366.
Package xcolor Info: Model `Hsb' substituted by `hsb' on input line 1367.
Package xcolor Info: Model `tHsb' substituted by `hsb' on input line 1368.
Package xcolor Info: Model `HSB' substituted by `hsb' on input line 1369.
Package xcolor Info: Model `Gray' substituted by `gray' on input line 1370.
Package xcolor Info: Model `wave' substituted by `hsb' on input line 1371.
))
\AM@pagewidth=\dimen269
\AM@pageheight=\dimen270

(C:\Users\fanda\AppData\Local\Programs\MiKTeX\tex/latex/pdfpages\pppdftex.def
File: pppdftex.def 2020/01/28 v0.5q Pdfpages driver for pdfTeX (AM)
)
\AM@pagebox=\box99
\AM@global@opts=\toks27
\AM@pagecnt=\count295
\AM@toc@title=\toks28
\c@AM@survey=\count296
\AM@templatesizebox=\box100
)
\c@defin=\count297

(C:\Users\fanda\AppData\Local\Programs\MiKTeX\tex/latex/l3backend\l3backend-pdf
tex.def
File: l3backend-pdftex.def 2020-09-24 L3 backend support: PDF output (pdfTeX)
\l__kernel_color_stack_int=\count298
\l__pdf_internal_box=\box101
) (U2_Kuzmanov_Muzik_TZ.aux)
\openout1 = `U2_Kuzmanov_Muzik_TZ.aux'.

LaTeX Font Info:    Checking defaults for OML/cmm/m/it on input line 30.
LaTeX Font Info:    ... okay on input line 30.
LaTeX Font Info:    Checking defaults for OMS/cmsy/m/n on input line 30.
LaTeX Font Info:    ... okay on input line 30.
LaTeX Font Info:    Checking defaults for OT1/cmr/m/n on input line 30.
LaTeX Font Info:    ... okay on input line 30.
LaTeX Font Info:    Checking defaults for T1/cmr/m/n on input line 30.
LaTeX Font Info:    ... okay on input line 30.
LaTeX Font Info:    Checking defaults for TS1/cmr/m/n on input line 30.
LaTeX Font Info:    ... okay on input line 30.
LaTeX Font Info:    Checking defaults for OMX/cmex/m/n on input line 30.
LaTeX Font Info:    ... okay on input line 30.
LaTeX Font Info:    Checking defaults for U/cmr/m/n on input line 30.
LaTeX Font Info:    ... okay on input line 30.

*geometry* driver: auto-detecting
*geometry* detected driver: pdftex
*geometry* verbose mode - [ preamble ] result:
* driver: pdftex
* paper: a4paper
* layout: <same size as paper>
* layoutoffset:(h,v)=(0.0pt,0.0pt)
* modes: 
* h-part:(L,W,R)=(85.35826pt, 455.24411pt, 56.9055pt)
* v-part:(T,H,B)=(72.2698pt, 700.50723pt, 72.2698pt)
* \paperwidth=597.50787pt
* \paperheight=845.04684pt
* \textwidth=455.24411pt
* \textheight=700.50723pt
* \oddsidemargin=13.08827pt
* \evensidemargin=13.08827pt
* \topmargin=-37.00018pt
* \headheight=12.0pt
* \headsep=25.0pt
* \topskip=12.0pt
* \footskip=30.0pt
* \marginparwidth=35.0pt
* \marginparsep=10.0pt
* \columnsep=10.0pt
* \skip\footins=10.8pt plus 4.0pt minus 2.0pt
* \hoffset=0.0pt
* \voffset=0.0pt
* \mag=1000
* \@twocolumnfalse
* \@twosidefalse
* \@mparswitchfalse
* \@reversemarginfalse
* (1in=72.27pt=25.4mm, 1cm=28.453pt)


(C:\Users\fanda\AppData\Local\Programs\MiKTeX\tex/context/base/mkii\supp-pdf.mk
ii
[Loading MPS to PDF converter (version 2006.09.02).]
\scratchcounter=\count299
\scratchdimen=\dimen271
\scratchbox=\box102
\nofMPsegments=\count300
\nofMParguments=\count301
\everyMPshowfont=\toks29
\MPscratchCnt=\count302
\MPscratchDim=\dimen272
\MPnumerator=\count303
\makeMPintoPDFobject=\count304
\everyMPtoPDFconversion=\toks30
)
(C:\Users\fanda\AppData\Local\Programs\MiKTeX\tex/latex/epstopdf-pkg\epstopdf-b
ase.sty
Package: epstopdf-base 2020-01-24 v2.11 Base part for package epstopdf
Package epstopdf-base Info: Redefining graphics rule for `.eps' on input line 4
85.
)
Package caption Info: Begin \AtBeginDocument code.
Package caption Info: subfig package v1.3 is loaded.
Package caption Info: End \AtBeginDocument code.

(C:\Users\fanda\AppData\Local\Programs\MiKTeX\tex/latex/pdflscape\pdflscape.sty
Package: pdflscape 2019/12/05 v0.12 Display of landscape pages in PDF (HO)
(C:\Users\fanda\AppData\Local\Programs\MiKTeX\tex/latex/graphics\lscape.sty
Package: lscape 2020/05/28 v3.02 Landscape Pages (DPC)
)
Package pdflscape Info: Auto-detected driver: pdftex on input line 81.
)
<obrazky/symbol_cvut_konturova_verze.jpg, id=1, 142.25145pt x 142.25145pt>
File: obrazky/symbol_cvut_konturova_verze.jpg Graphic file (type jpg)
<use obrazky/symbol_cvut_konturova_verze.jpg>
Package pdftex.def Info: obrazky/symbol_cvut_konturova_verze.jpg  used on input
 line 51.
(pdftex.def)             Requested size: 184.92685pt x 184.92685pt.
LaTeX Font Info:    Trying to load font information for U+esvect on input line 
72.

(C:\Users\fanda\AppData\Local\Programs\MiKTeX\tex/latex/esvect\uesvect.fd
File: uesvect.fd 
)
<adkcv2.pdf, id=2, 614.295pt x 794.97pt>
File: adkcv2.pdf Graphic file (type pdf)
<use adkcv2.pdf>
Package pdftex.def Info: adkcv2.pdf  used on input line 95.
(pdftex.def)             Requested size: 614.29349pt x 794.96806pt.
File: adkcv2.pdf Graphic file (type pdf)
<use adkcv2.pdf>
Package pdftex.def Info: adkcv2.pdf  used on input line 95.
(pdftex.def)             Requested size: 614.29349pt x 794.96806pt.
<adkcv2.pdf, id=5, page=1, 614.295pt x 794.97pt>
File: adkcv2.pdf Graphic file (type pdf)
<use adkcv2.pdf, page 1>
Package pdftex.def Info: adkcv2.pdf , page1 used on input line 95.
(pdftex.def)             Requested size: 614.29349pt x 794.96806pt.
File: adkcv2.pdf Graphic file (type pdf)
<use adkcv2.pdf, page 1>
Package pdftex.def Info: adkcv2.pdf , page1 used on input line 95.
(pdftex.def)             Requested size: 597.78697pt x 773.60669pt.

[1

{C:/Users/fanda/AppData/Local/MiKTeX/pdftex/config/pdftex.map} <./obrazky/symbo
l_cvut_konturova_verze.jpg>]
File: adkcv2.pdf Graphic file (type pdf)
<use adkcv2.pdf, page 1>
Package pdftex.def Info: adkcv2.pdf , page1 used on input line 95.
(pdftex.def)             Requested size: 597.78697pt x 773.60669pt.
File: adkcv2.pdf Graphic file (type pdf)
<use adkcv2.pdf, page 1>
Package pdftex.def Info: adkcv2.pdf , page1 used on input line 95.
(pdftex.def)             Requested size: 597.78697pt x 773.60669pt.
File: adkcv2.pdf Graphic file (type pdf)
<use adkcv2.pdf, page 1>
Package pdftex.def Info: adkcv2.pdf , page1 used on input line 95.
(pdftex.def)             Requested size: 597.78697pt x 773.60669pt.
 [2 <./adkcv2.pdf>]
Overfull \hbox (4.65671pt too wide) in paragraph at lines 106--106
|[]\T1/cmr/bx/n/14.4 Implementace dal²í me-tody kon-strukce kon-vexní obálky (+
5b)| 
 []


Underfull \hbox (badness 10000) in paragraph at lines 119--122

 []

[3

]
Underfull \hbox (badness 10000) in paragraph at lines 137--140

 []


Underfull \hbox (badness 10000) in paragraph at lines 154--157

 []

[4]
Underfull \hbox (badness 10000) in paragraph at lines 169--172

 []


Underfull \hbox (badness 10000) in paragraph at lines 184--187

 []

[5]
<obrazky/lon_edge_problem.png, id=97, 505.17445pt x 315.55515pt>
File: obrazky/lon_edge_problem.png Graphic file (type png)
<use obrazky/lon_edge_problem.png>
Package pdftex.def Info: obrazky/lon_edge_problem.png  used on input line 232.
(pdftex.def)             Requested size: 303.10701pt x 189.33453pt.
 [6]
<obrazky/popis_ui.png, id=102, 879.40425pt x 513.76099pt>
File: obrazky/popis_ui.png Graphic file (type png)
<use obrazky/popis_ui.png>
Package pdftex.def Info: obrazky/popis_ui.png  used on input line 265.
(pdftex.def)             Requested size: 439.70105pt x 256.87985pt.
 [7 <./obrazky/lon_edge_problem.png>]
<obrazky/alg_vyber.png, id=108, 144.54pt x 88.72752pt>
File: obrazky/alg_vyber.png Graphic file (type png)
<use obrazky/alg_vyber.png>
Package pdftex.def Info: obrazky/alg_vyber.png  used on input line 274.
(pdftex.def)             Requested size: 144.53963pt x 88.7273pt.
<obrazky/ch_vyber.png, id=109, 143.10892pt x 63.68347pt>
File: obrazky/ch_vyber.png Graphic file (type png)
<use obrazky/ch_vyber.png>
Package pdftex.def Info: obrazky/ch_vyber.png  used on input line 275.
(pdftex.def)             Requested size: 143.10855pt x 63.6833pt.
<obrazky/maer.png, id=110, 875.82654pt x 512.3299pt>
File: obrazky/maer.png Graphic file (type png)
<use obrazky/maer.png>
Package pdftex.def Info: obrazky/maer.png  used on input line 285.
(pdftex.def)             Requested size: 437.9122pt x 256.16432pt.
 [8 <./obrazky/popis_ui.png> <./obrazky/alg_vyber.png> <./obrazky/ch_vyber.png>
]
<obrazky/wall_avr.png, id=116, 876.54208pt x 513.04544pt>
File: obrazky/wall_avr.png Graphic file (type png)
<use obrazky/wall_avr.png>
Package pdftex.def Info: obrazky/wall_avr.png  used on input line 294.
(pdftex.def)             Requested size: 438.26997pt x 256.52208pt.
<obrazky/lon_edge.png, id=117, 876.54208pt x 514.47653pt>
File: obrazky/lon_edge.png Graphic file (type png)
<use obrazky/lon_edge.png>
Package pdftex.def Info: obrazky/lon_edge.png  used on input line 303.
(pdftex.def)             Requested size: 438.26997pt x 257.23764pt.
 [9 <./obrazky/maer.png> <./obrazky/wall_avr.png>]
<obrazky/weig_bi.png, id=123, 876.54208pt x 511.61435pt>
File: obrazky/weig_bi.png Graphic file (type png)
<use obrazky/weig_bi.png>
Package pdftex.def Info: obrazky/weig_bi.png  used on input line 312.
(pdftex.def)             Requested size: 438.26997pt x 255.80655pt.
LaTeX Font Info:    Trying to load font information for T1+cmtt on input line 3
26.

(C:\Users\fanda\AppData\Local\Programs\MiKTeX\tex/latex/base\t1cmtt.fd
File: t1cmtt.fd 2019/12/16 v2.5j Standard LaTeX font definitions
)
[10 <./obrazky/lon_edge.png> <./obrazky/weig_bi.png>]
Underfull \hbox (badness 10000) in paragraph at lines 329--330

 []


Underfull \hbox (badness 10000) in paragraph at lines 334--335

 []


Underfull \hbox (badness 10000) in paragraph at lines 339--340

 []


Underfull \hbox (badness 10000) in paragraph at lines 344--345

 []


Underfull \hbox (badness 10000) in paragraph at lines 349--350

 []


Overfull \hbox (26.2883pt too wide) in paragraph at lines 353--353
[]\T1/cmtt/m/n/12 std::tuple<std::vector<QPoint>, double> minMaxBox(std::vector
<QPoint> &points)[] 
 []


Underfull \hbox (badness 10000) in paragraph at lines 354--355

 []


Underfull \hbox (badness 10000) in paragraph at lines 359--360

 []


Underfull \hbox (badness 10000) in paragraph at lines 364--365

 []


Underfull \hbox (badness 10000) in paragraph at lines 369--370

 []


Overfull \hbox (94.19672pt too wide) in paragraph at lines 373--373
[]\T1/cmtt/m/n/12 std::vector<QPoint> resizeRectangle(std::vector<QPoint> &poin
ts, std::vector<QPoint> &er)[] 
 []


Underfull \hbox (badness 10000) in paragraph at lines 374--375

 []


Underfull \hbox (badness 10000) in paragraph at lines 379--380

 []

[11]
Underfull \hbox (badness 10000) in paragraph at lines 384--385

 []


Underfull \hbox (badness 10000) in paragraph at lines 389--390

 []


Overfull \hbox (26.2883pt too wide) in paragraph at lines 393--393
[]\T1/cmtt/m/n/12 void quickHullLocal(int ps, int pe, std::vector<QPoint> &poin
ts, QPolygon &ch)[] 
 []


Underfull \hbox (badness 10000) in paragraph at lines 394--395

 []


Underfull \hbox (badness 10000) in paragraph at lines 405--406

 []


Underfull \hbox (badness 10000) in paragraph at lines 410--411

 []


Underfull \hbox (badness 10000) in paragraph at lines 415--416

 []


Underfull \hbox (badness 10000) in paragraph at lines 422--423

 []


Underfull \hbox (badness 10000) in paragraph at lines 427--428

 []


Underfull \hbox (badness 10000) in paragraph at lines 432--433

 []

[12]
Underfull \hbox (badness 10000) in paragraph at lines 437--438

 []


Underfull \hbox (badness 10000) in paragraph at lines 442--443

 []


Underfull \hbox (badness 10000) in paragraph at lines 447--448

 []


Underfull \hbox (badness 10000) in paragraph at lines 452--453

 []


Underfull \hbox (badness 10000) in paragraph at lines 457--458

 []


Underfull \hbox (badness 10000) in paragraph at lines 462--463

 []


Underfull \hbox (badness 10000) in paragraph at lines 467--468

 []


Underfull \hbox (badness 10000) in paragraph at lines 472--473

 []


Underfull \hbox (badness 10000) in paragraph at lines 477--478

 []


Underfull \hbox (badness 10000) in paragraph at lines 484--485

 []

[13]
Underfull \hbox (badness 10000) in paragraph at lines 491--492

 []


Underfull \hbox (badness 10000) in paragraph at lines 498--499

 []


Underfull \hbox (badness 10000) in paragraph at lines 507--508

 []


Underfull \hbox (badness 10000) in paragraph at lines 512--513

 []


Underfull \hbox (badness 10000) in paragraph at lines 517--518

 []


Underfull \hbox (badness 10000) in paragraph at lines 522--523

 []


Underfull \hbox (badness 10000) in paragraph at lines 527--528

 []

[14]

LaTeX Warning: `!h' float specifier changed to `!ht'.

[15] [16] (U2_Kuzmanov_Muzik_TZ.bbl
Underfull \hbox (badness 10000) in paragraph at lines 9--12
[]\T1/cmr/m/sc/12 QGIS\T1/cmr/m/n/12 .  A Free and Open Source Ge-o-gra-phic In
-for-mation Sys-tem.
 []

) [17

] (U2_Kuzmanov_Muzik_TZ.aux) ) 
Here is how much of TeX's memory you used:
 7437 strings out of 479799
 114823 string characters out of 2869723
 433388 words of memory out of 3000000
 24290 multiletter control sequences out of 15000+200000
 547450 words of font info for 62 fonts, out of 3000000 for 9000
 1142 hyphenation exceptions out of 8191
 78i,17n,85p,810b,425s stack positions out of 5000i,500n,10000p,200000b,50000s
 <C:\Users\fanda\AppData\Local\MiKTeX\fonts/pk/lj
four/jknappen/ec/dpi600\eccc1200.pk> <C:\Users\fanda\AppData\Local\MiKTeX\fonts
/pk/ljfour/jknappen/ec/dpi600\ecti1200.pk> <C:\Users\fanda\AppData\Local\MiKTeX
\fonts/pk/ljfour/jknappen/ec/dpi600\ectt1200.pk> <C:\Users\fanda\AppData\Local\
MiKTeX\fonts/pk/ljfour/jknappen/ec/dpi600\ecbx1200.pk> <C:\Users\fanda\AppData\
Local\MiKTeX\fonts/pk/ljfour/jknappen/ec/dpi600\ecrm1200.pk> <C:\Users\fanda\Ap
pData\Local\MiKTeX\fonts/pk/ljfour/jknappen/ec/dpi600\ecbx1440.pk> <C:\Users\fa
nda\AppData\Local\MiKTeX\fonts/pk/ljfour/jknappen/ec/dpi600\ecbx2074.pk> <C:\Us
ers\fanda\AppData\Local\MiKTeX\fonts/pk/ljfour/jknappen/ec/dpi600\ecbx1728.pk> 
<C:\Users\fanda\AppData\Local\MiKTeX\fonts/pk/ljfour/jknappen/ec/dpi600\ecrm144
0.pk><C:/Users/fanda/AppData/Local/Programs/MiKTeX/fonts/type1/public/amsfonts/
cm/cmb10.pfb><C:/Users/fanda/AppData/Local/Programs/MiKTeX/fonts/type1/public/a
msfonts/cm/cmex10.pfb><C:/Users/fanda/AppData/Local/Programs/MiKTeX/fonts/type1
/public/amsfonts/cm/cmmi10.pfb><C:/Users/fanda/AppData/Local/Programs/MiKTeX/fo
nts/type1/public/amsfonts/cm/cmmi12.pfb><C:/Users/fanda/AppData/Local/Programs/
MiKTeX/fonts/type1/public/amsfonts/cm/cmmi6.pfb><C:/Users/fanda/AppData/Local/P
rograms/MiKTeX/fonts/type1/public/amsfonts/cm/cmmi7.pfb><C:/Users/fanda/AppData
/Local/Programs/MiKTeX/fonts/type1/public/amsfonts/cm/cmmi8.pfb><C:/Users/fanda
/AppData/Local/Programs/MiKTeX/fonts/type1/public/amsfonts/cm/cmr10.pfb><C:/Use
rs/fanda/AppData/Local/Programs/MiKTeX/fonts/type1/public/amsfonts/cm/cmr12.pfb
><C:/Users/fanda/AppData/Local/Programs/MiKTeX/fonts/type1/public/amsfonts/cm/c
mr7.pfb><C:/Users/fanda/AppData/Local/Programs/MiKTeX/fonts/type1/public/amsfon
ts/cm/cmr8.pfb><C:/Users/fanda/AppData/Local/Programs/MiKTeX/fonts/type1/public
/amsfonts/cm/cmr9.pfb><C:/Users/fanda/AppData/Local/Programs/MiKTeX/fonts/type1
/public/amsfonts/cm/cmsy10.pfb><C:/Users/fanda/AppData/Local/Programs/MiKTeX/fo
nts/type1/public/amsfonts/cm/cmsy6.pfb><C:/Users/fanda/AppData/Local/Programs/M
iKTeX/fonts/type1/public/amsfonts/cm/cmsy8.pfb><C:/Users/fanda/AppData/Local/Pr
ograms/MiKTeX/fonts/type1/public/amsfonts/cm/cmti10.pfb><C:/Users/fanda/AppData
/Local/Programs/MiKTeX/fonts/type1/public/amsfonts/cm/cmti9.pfb>
Output written on U2_Kuzmanov_Muzik_TZ.pdf (17 pages, 984815 bytes).
PDF statistics:
 637 PDF objects out of 1000 (max. 8388607)
 0 named destinations out of 1000 (max. 500000)
 66 words of extra memory for PDF output out of 10000 (max. 10000000)

